<?xml version="1.0" encoding="UTF-8"?>
<testng-results ignored="0" total="1" passed="1" failed="0" skipped="0">
  <reporter-output>
  </reporter-output>
  <suite started-at="2024-06-03T03:15:33 IST" name="Default suite" finished-at="2024-06-03T03:15:41 IST" duration-ms="8495">
    <groups>
    </groups>
    <test started-at="2024-06-03T03:15:33 IST" name="Default test" finished-at="2024-06-03T03:15:41 IST" duration-ms="8495">
      <class name="testCases.TC_LginTest_001">
        <test-method is-config="true" signature="setup(java.lang.String)[pri:0, instance:testCases.TC_LginTest_001@42039326]" started-at="2024-06-03T03:15:33 IST" name="setup" finished-at="2024-06-03T03:15:36 IST" duration-ms="3140" status="PASS">
          <params>
            <param index="0">
              <value>
                <![CDATA[chrome]]>
              </value>
            </param>
          </params>
          <reporter-output>
          </reporter-output>
        </test-method> <!-- setup -->
        <test-method signature="loginTest()[pri:0, instance:testCases.TC_LginTest_001@42039326]" started-at="2024-06-03T03:15:36 IST" name="loginTest" finished-at="2024-06-03T03:15:41 IST" duration-ms="4835" status="PASS">
          <reporter-output>
          </reporter-output>
        </test-method> <!-- loginTest -->
        <test-method is-config="true" signature="tearDown()[pri:0, instance:testCases.TC_LginTest_001@42039326]" started-at="2024-06-03T03:15:41 IST" name="tearDown" finished-at="2024-06-03T03:15:41 IST" duration-ms="475" status="PASS">
          <reporter-output>
          </reporter-output>
        </test-method> <!-- tearDown -->
      </class> <!-- testCases.TC_LginTest_001 -->
    </test> <!-- Default test -->
  </suite> <!-- Default suite -->
</testng-results>
